Build started 25-Jan-17 8:12:00 PM.
     1>Project "C:\Users\Kaczy\documents\visual studio 2013\Projects\AKwB_Project_ZADIV\AKwB_Project_ZADIV\AKwB_Project_ZADIV.vcxproj" on node 2 (Build target(s)).
     1>ClCompile:
         E:\Programy\VisualStudio\VC\bin\CL.exe /c /ZI /nologo /W3 /WX- /sdl /Od /Oy- /D WIN32 /D _DEBUG /D _CONSOLE /D _LIB /D _UNICODE /D UNICODE /Gm /EHsc /RTC1 /MDd /GS /fp:precise /Zc:wchar_t /Zc:forScope /Yu"stdafx.h" /Fp"Debug\AKwB_Project_ZADIV.pch" /Fo"Debug\\" /Fd"Debug\vc120.pdb" /Gd /TP /analyze- /errorReport:prompt AKwB_Project_ZADIV.cpp
         AKwB_Project_ZADIV.cpp
     1>c:\users\kaczy\documents\visual studio 2013\projects\akwb_project_zadiv\akwb_project_zadiv\akwb_project_zadiv.cpp(26): warning C4018: '<' : signed/unsigned mismatch
     1>c:\users\kaczy\documents\visual studio 2013\projects\akwb_project_zadiv\akwb_project_zadiv\akwb_project_zadiv.cpp(38): warning C4018: '<' : signed/unsigned mismatch
     1>c:\users\kaczy\documents\visual studio 2013\projects\akwb_project_zadiv\akwb_project_zadiv\akwb_project_zadiv.cpp(65): warning C4018: '<' : signed/unsigned mismatch
     1>c:\users\kaczy\documents\visual studio 2013\projects\akwb_project_zadiv\akwb_project_zadiv\akwb_project_zadiv.cpp(87): warning C4018: '<' : signed/unsigned mismatch
     1>c:\users\kaczy\documents\visual studio 2013\projects\akwb_project_zadiv\akwb_project_zadiv\akwb_project_zadiv.cpp(108): warning C4018: '<' : signed/unsigned mismatch
     1>c:\users\kaczy\documents\visual studio 2013\projects\akwb_project_zadiv\akwb_project_zadiv\akwb_project_zadiv.cpp(137): warning C4244: 'argument' : conversion from 'time_t' to 'unsigned int', possible loss of data
     1>c:\users\kaczy\documents\visual studio 2013\projects\akwb_project_zadiv\akwb_project_zadiv\akwb_project_zadiv.cpp(156): warning C4018: '>' : signed/unsigned mismatch
     1>c:\users\kaczy\documents\visual studio 2013\projects\akwb_project_zadiv\akwb_project_zadiv\akwb_project_zadiv.cpp(160): warning C4018: '<' : signed/unsigned mismatch
     1>c:\users\kaczy\documents\visual studio 2013\projects\akwb_project_zadiv\akwb_project_zadiv\akwb_project_zadiv.cpp(168): warning C4018: '<' : signed/unsigned mismatch
     1>c:\users\kaczy\documents\visual studio 2013\projects\akwb_project_zadiv\akwb_project_zadiv\akwb_project_zadiv.cpp(172): warning C4018: '<' : signed/unsigned mismatch
       Link:
         E:\Programy\VisualStudio\VC\bin\link.exe /ERRORREPORT:PROMPT /OUT:"C:\Users\Kaczy\documents\visual studio 2013\Projects\AKwB_Project_ZADIV\Debug\AKwB_Project_ZADIV.exe" /INCREMENTAL /NOLOGO kernel32.lib user32.lib gdi32.lib winspool.lib comdlg32.lib advapi32.lib shell32.lib ole32.lib oleaut32.lib uuid.lib odbc32.lib odbccp32.lib /MANIFEST /MANIFESTUAC:"level='asInvoker' uiAccess='false'" /manifest:embed /DEBUG /PDB:"C:\Users\Kaczy\documents\visual studio 2013\Projects\AKwB_Project_ZADIV\Debug\AKwB_Project_ZADIV.pdb" /SUBSYSTEM:CONSOLE /TLBID:1 /DYNAMICBASE /NXCOMPAT /IMPLIB:"C:\Users\Kaczy\documents\visual studio 2013\Projects\AKwB_Project_ZADIV\Debug\AKwB_Project_ZADIV.lib" /MACHINE:X86 Debug\AKwB_Project_ZADIV.obj
         Debug\stdafx.obj
         AKwB_Project_ZADIV.vcxproj -> C:\Users\Kaczy\documents\visual studio 2013\Projects\AKwB_Project_ZADIV\Debug\AKwB_Project_ZADIV.exe
     1>Done Building Project "C:\Users\Kaczy\documents\visual studio 2013\Projects\AKwB_Project_ZADIV\AKwB_Project_ZADIV\AKwB_Project_ZADIV.vcxproj" (Build target(s)).

Build succeeded.

Time Elapsed 00:00:00.78
